<?xml version="1.0" encoding="UTF-8"?>
<testsuite xmlns:xsi="http://www.w3.org/2001/XMLSchema-instance" xsi:noNamespaceSchemaLocation="https://maven.apache.org/surefire/maven-surefire-plugin/xsd/surefire-test-report.xsd" name="com.etc.QueueInfoServiceTest" time="5.465" tests="3" errors="3" skipped="0" failures="0">
  <properties>
[...]
</properties>
  <testcase name="getQueueTest" classname="com.etc.QueueInfoServiceTest" time="0.642">
    <error message="Could not open JDBC Connection for transaction; nested exception is org.apache.commons.dbcp.SQLNestedException: Cannot create PoolableConnectionFactory (Access denied for user &apos;root&apos;@&apos;localhost&apos; (using password: YES))" type="org.springframework.transaction.CannotCreateTransactionException">org.springframework.transaction.CannotCreateTransactionException: Could not open JDBC Connection for transaction; nested exception is org.apache.commons.dbcp.SQLNestedException: Cannot create PoolableConnectionFactory (Access denied for user 'root'@'localhost' (using password: YES))
	at com.etc.QueueInfoServiceTest.getQueueTest(QueueInfoServiceTest.java:36)
Caused by: org.apache.commons.dbcp.SQLNestedException: Cannot create PoolableConnectionFactory (Access denied for user 'root'@'localhost' (using password: YES))
	at com.etc.QueueInfoServiceTest.getQueueTest(QueueInfoServiceTest.java:36)
Caused by: java.sql.SQLException: Access denied for user 'root'@'localhost' (using password: YES)
	at com.etc.QueueInfoServiceTest.getQueueTest(QueueInfoServiceTest.java:36)
</error>
    <system-out><![CDATA[DEBUG - SpringJUnit4ClassRunner constructor called with [class com.etc.QueueInfoServiceTest]
DEBUG - Instantiating CacheAwareContextLoaderDelegate from class [org.springframework.test.context.cache.DefaultCacheAwareContextLoaderDelegate]
DEBUG - Instantiating BootstrapContext using constructor [public org.springframework.test.context.support.DefaultBootstrapContext(java.lang.Class,org.springframework.test.context.CacheAwareContextLoaderDelegate)]
DEBUG - Instantiating TestContextBootstrapper for test class [com.etc.QueueInfoServiceTest] from class [org.springframework.test.context.support.DefaultTestContextBootstrapper]
DEBUG - Delegating to GenericXmlContextLoader to process context configuration [ContextConfigurationAttributes@37d31475 declaringClass = 'com.etc.QueueInfoServiceTest', classes = '{}', locations = '{classpath:spring-mybatis.xml}', inheritLocations = true, initializers = '{}', inheritInitializers = true, name = [null], contextLoaderClass = 'org.springframework.test.context.ContextLoader'].
DEBUG - Could not find an 'annotation declaring class' for annotation type [org.springframework.test.context.ActiveProfiles] and class [com.etc.QueueInfoServiceTest]
DEBUG - @TestExecutionListeners is not present for class [com.etc.QueueInfoServiceTest]: using defaults.
INFO - Loaded default TestExecutionListener class names from location [META-INF/spring.factories]: [org.springframework.test.context.web.ServletTestExecutionListener, org.springframework.test.context.support.DirtiesContextBeforeModesTestExecutionListener, org.springframework.test.context.support.DependencyInjectionTestExecutionListener, org.springframework.test.context.support.DirtiesContextTestExecutionListener, org.springframework.test.context.transaction.TransactionalTestExecutionListener, org.springframework.test.context.jdbc.SqlScriptsTestExecutionListener, org.springframework.test.context.event.EventPublishingTestExecutionListener]
INFO - Using TestExecutionListeners: [org.springframework.test.context.web.ServletTestExecutionListener@376b4233, org.springframework.test.context.support.DirtiesContextBeforeModesTestExecutionListener@2fd66ad3, org.springframework.test.context.support.DependencyInjectionTestExecutionListener@5d11346a, org.springframework.test.context.support.DirtiesContextTestExecutionListener@7a36aefa, org.springframework.test.context.transaction.TransactionalTestExecutionListener@17211155, org.springframework.test.context.jdbc.SqlScriptsTestExecutionListener@b3d7190, org.springframework.test.context.event.EventPublishingTestExecutionListener@5fdba6f9]
DEBUG - Retrieved @ProfileValueSourceConfiguration [null] for test class [com.etc.QueueInfoServiceTest]
DEBUG - Retrieved ProfileValueSource type [class org.springframework.test.annotation.SystemProfileValueSource] for class [com.etc.QueueInfoServiceTest]
DEBUG - Retrieved @ProfileValueSourceConfiguration [null] for test class [com.etc.QueueInfoServiceTest]
DEBUG - Retrieved ProfileValueSource type [class org.springframework.test.annotation.SystemProfileValueSource] for class [com.etc.QueueInfoServiceTest]
DEBUG - Retrieved @ProfileValueSourceConfiguration [null] for test class [com.etc.QueueInfoServiceTest]
DEBUG - Retrieved ProfileValueSource type [class org.springframework.test.annotation.SystemProfileValueSource] for class [com.etc.QueueInfoServiceTest]
DEBUG - Before test class: context [DefaultTestContext@5a4041cc testClass = QueueInfoServiceTest, testInstance = [null], testMethod = [null], testException = [null], mergedContextConfiguration = [MergedContextConfiguration@15b3e5b testClass = QueueInfoServiceTest, locations = '{classpath:spring-mybatis.xml}', classes = '{}', contextInitializerClasses = '[]', activeProfiles = '{}', propertySourceLocations = '{}', propertySourceProperties = '{}', contextCustomizers = set[[empty]], contextLoader = 'org.springframework.test.context.support.DelegatingSmartContextLoader', parent = [null]], attributes = map[[empty]]], class annotated with @DirtiesContext [false] with mode [null].
DEBUG - Retrieved @ProfileValueSourceConfiguration [null] for test class [com.etc.QueueInfoServiceTest]
DEBUG - Retrieved ProfileValueSource type [class org.springframework.test.annotation.SystemProfileValueSource] for class [com.etc.QueueInfoServiceTest]
DEBUG - Performing dependency injection for test context [[DefaultTestContext@5a4041cc testClass = QueueInfoServiceTest, testInstance = com.etc.QueueInfoServiceTest@43d7741f, testMethod = [null], testException = [null], mergedContextConfiguration = [MergedContextConfiguration@15b3e5b testClass = QueueInfoServiceTest, locations = '{classpath:spring-mybatis.xml}', classes = '{}', contextInitializerClasses = '[]', activeProfiles = '{}', propertySourceLocations = '{}', propertySourceProperties = '{}', contextCustomizers = set[[empty]], contextLoader = 'org.springframework.test.context.support.DelegatingSmartContextLoader', parent = [null]], attributes = map[[empty]]]].
DEBUG - Delegating to GenericXmlContextLoader to load context from [MergedContextConfiguration@15b3e5b testClass = QueueInfoServiceTest, locations = '{classpath:spring-mybatis.xml}', classes = '{}', contextInitializerClasses = '[]', activeProfiles = '{}', propertySourceLocations = '{}', propertySourceProperties = '{}', contextCustomizers = set[[empty]], contextLoader = 'org.springframework.test.context.support.DelegatingSmartContextLoader', parent = [null]].
DEBUG - Loading ApplicationContext for merged context configuration [[MergedContextConfiguration@15b3e5b testClass = QueueInfoServiceTest, locations = '{classpath:spring-mybatis.xml}', classes = '{}', contextInitializerClasses = '[]', activeProfiles = '{}', propertySourceLocations = '{}', propertySourceProperties = '{}', contextCustomizers = set[[empty]], contextLoader = 'org.springframework.test.context.support.DelegatingSmartContextLoader', parent = [null]]].
DEBUG - Activating profiles []
DEBUG - Loaded 3 bean definitions from class path resource [redisConfig.xml]
DEBUG - Identified candidate component class: file [D:\IdeaProjects\ssmlagou\target\classes\com\etc\service\impl\CompanyServiceImpl.class]
DEBUG - Identified candidate component class: file [D:\IdeaProjects\ssmlagou\target\classes\com\etc\service\impl\JobServiceImpl.class]
DEBUG - Identified candidate component class: file [D:\IdeaProjects\ssmlagou\target\classes\com\etc\service\impl\QueueInfoServiceImpl.class]
DEBUG - Identified candidate component class: file [D:\IdeaProjects\ssmlagou\target\classes\com\etc\service\impl\TypeServiceImpl.class]
DEBUG - Loaded 22 bean definitions from class path resource [spring-mybatis.xml]
DEBUG - Refreshing org.springframework.context.support.GenericApplicationContext@5cdd8682
DEBUG - Creating shared instance of singleton bean 'org.springframework.context.annotation.internalConfigurationAnnotationProcessor'
DEBUG - Creating shared instance of singleton bean 'org.mybatis.spring.mapper.MapperScannerConfigurer#0'
DEBUG - Logging initialized using 'class org.apache.ibatis.logging.slf4j.Slf4jImpl' adapter.
DEBUG - Identified candidate component class: file [D:\IdeaProjects\ssmlagou\target\classes\com\etc\dao\CompanyDao.class]
DEBUG - Identified candidate component class: file [D:\IdeaProjects\ssmlagou\target\classes\com\etc\dao\JobDao.class]
DEBUG - Identified candidate component class: file [D:\IdeaProjects\ssmlagou\target\classes\com\etc\dao\OneTypeDao.class]
DEBUG - Identified candidate component class: file [D:\IdeaProjects\ssmlagou\target\classes\com\etc\dao\QueueInfoDao.class]
DEBUG - Creating MapperFactoryBean with name 'companyDao' and 'com.etc.dao.CompanyDao' mapperInterface
DEBUG - Creating MapperFactoryBean with name 'jobDao' and 'com.etc.dao.JobDao' mapperInterface
DEBUG - Creating MapperFactoryBean with name 'oneTypeDao' and 'com.etc.dao.OneTypeDao' mapperInterface
DEBUG - Creating MapperFactoryBean with name 'queueInfoDao' and 'com.etc.dao.QueueInfoDao' mapperInterface
DEBUG - Creating shared instance of singleton bean 'org.springframework.context.support.PropertySourcesPlaceholderConfigurer#0'
DEBUG - Creating shared instance of singleton bean 'propertyConfigurer'
DEBUG - Found key 'redis.maxIdle' in PropertySource 'localProperties' with value of type String
DEBUG - Found key 'redis.maxActive' in PropertySource 'localProperties' with value of type String
DEBUG - Found key 'redis.maxWait' in PropertySource 'localProperties' with value of type String
DEBUG - Found key 'redis.host' in PropertySource 'localProperties' with value of type String
DEBUG - Found key 'redis.port' in PropertySource 'localProperties' with value of type String
DEBUG - Creating shared instance of singleton bean 'org.springframework.context.event.internalEventListenerProcessor'
DEBUG - Creating shared instance of singleton bean 'org.springframework.context.event.internalEventListenerFactory'
DEBUG - Creating shared instance of singleton bean 'org.springframework.context.annotation.internalAutowiredAnnotationProcessor'
DEBUG - Creating shared instance of singleton bean 'org.springframework.context.annotation.internalCommonAnnotationProcessor'
DEBUG - Creating shared instance of singleton bean 'org.springframework.context.annotation.internalPersistenceAnnotationProcessor'
DEBUG - Creating shared instance of singleton bean 'org.springframework.aop.config.internalAutoProxyCreator'
DEBUG - Creating shared instance of singleton bean 'jedisPoolConfig'
DEBUG - Creating shared instance of singleton bean 'org.springframework.aop.support.DefaultBeanFactoryPointcutAdvisor#0'
DEBUG - Creating shared instance of singleton bean 'poolConfig'
DEBUG - Creating shared instance of singleton bean 'companyServiceImpl'
DEBUG - Creating shared instance of singleton bean 'companyDao'
DEBUG - Creating shared instance of singleton bean 'sessionFactory'
DEBUG - Creating shared instance of singleton bean 'dataSource'
DEBUG - Property 'configuration' or 'configLocation' not specified, using default MyBatis Configuration
DEBUG - Registered plugin: 'com.github.pagehelper.PageInterceptor@600b9d27'
DEBUG - Parsed mapper file: 'file [D:\IdeaProjects\ssmlagou\target\classes\mapper\CompanyMapper.xml]'
DEBUG - Parsed mapper file: 'file [D:\IdeaProjects\ssmlagou\target\classes\mapper\JobMapper.xml]'
DEBUG - Parsed mapper file: 'file [D:\IdeaProjects\ssmlagou\target\classes\mapper\OneTypeMapper.xml]'
DEBUG - Parsed mapper file: 'file [D:\IdeaProjects\ssmlagou\target\classes\mapper\QueueInfoMapper.xml]'
DEBUG - Creating shared instance of singleton bean 'txAdvice'
DEBUG - Creating shared instance of singleton bean 'transactionManager'
DEBUG - Adding transactional method [*get] with attribute [PROPAGATION_REQUIRED,ISOLATION_DEFAULT,readOnly]
DEBUG - Adding transactional method [*query] with attribute [PROPAGATION_REQUIRED,ISOLATION_DEFAULT,readOnly]
DEBUG - Adding transactional method [*] with attribute [PROPAGATION_REQUIRED,ISOLATION_DEFAULT]
DEBUG - Creating shared instance of singleton bean 'jobServiceImpl'
DEBUG - Creating shared instance of singleton bean 'jobDao'
DEBUG - Creating shared instance of singleton bean 'queueInfoServiceImpl'
DEBUG - Creating shared instance of singleton bean 'queueInfoDao'
DEBUG - Creating shared instance of singleton bean 'typeServiceImpl'
DEBUG - Creating shared instance of singleton bean 'oneTypeDao'
DEBUG - Storing ApplicationContext [1558021762] in cache under key [[MergedContextConfiguration@15b3e5b testClass = QueueInfoServiceTest, locations = '{classpath:spring-mybatis.xml}', classes = '{}', contextInitializerClasses = '[]', activeProfiles = '{}', propertySourceLocations = '{}', propertySourceProperties = '{}', contextCustomizers = set[[empty]], contextLoader = 'org.springframework.test.context.support.DelegatingSmartContextLoader', parent = [null]]]
DEBUG - Spring test ApplicationContext cache statistics: [DefaultContextCache@1b2c4efb size = 1, maxSize = 32, parentContextCount = 0, hitCount = 0, missCount = 1]
DEBUG - Retrieved ApplicationContext [1558021762] from cache with key [[MergedContextConfiguration@15b3e5b testClass = QueueInfoServiceTest, locations = '{classpath:spring-mybatis.xml}', classes = '{}', contextInitializerClasses = '[]', activeProfiles = '{}', propertySourceLocations = '{}', propertySourceProperties = '{}', contextCustomizers = set[[empty]], contextLoader = 'org.springframework.test.context.support.DelegatingSmartContextLoader', parent = [null]]]
DEBUG - Spring test ApplicationContext cache statistics: [DefaultContextCache@1b2c4efb size = 1, maxSize = 32, parentContextCount = 0, hitCount = 1, missCount = 1]
DEBUG - Before test method: context [DefaultTestContext@5a4041cc testClass = QueueInfoServiceTest, testInstance = com.etc.QueueInfoServiceTest@43d7741f, testMethod = getQueueTest@QueueInfoServiceTest, testException = [null], mergedContextConfiguration = [MergedContextConfiguration@15b3e5b testClass = QueueInfoServiceTest, locations = '{classpath:spring-mybatis.xml}', classes = '{}', contextInitializerClasses = '[]', activeProfiles = '{}', propertySourceLocations = '{}', propertySourceProperties = '{}', contextCustomizers = set[[empty]], contextLoader = 'org.springframework.test.context.support.DelegatingSmartContextLoader', parent = [null]], attributes = map[[empty]]], class annotated with @DirtiesContext [false] with mode [null], method annotated with @DirtiesContext [false] with mode [null].
DEBUG - Retrieved ApplicationContext [1558021762] from cache with key [[MergedContextConfiguration@15b3e5b testClass = QueueInfoServiceTest, locations = '{classpath:spring-mybatis.xml}', classes = '{}', contextInitializerClasses = '[]', activeProfiles = '{}', propertySourceLocations = '{}', propertySourceProperties = '{}', contextCustomizers = set[[empty]], contextLoader = 'org.springframework.test.context.support.DelegatingSmartContextLoader', parent = [null]]]
DEBUG - Spring test ApplicationContext cache statistics: [DefaultContextCache@1b2c4efb size = 1, maxSize = 32, parentContextCount = 0, hitCount = 2, missCount = 1]
DEBUG - Retrieved ApplicationContext [1558021762] from cache with key [[MergedContextConfiguration@15b3e5b testClass = QueueInfoServiceTest, locations = '{classpath:spring-mybatis.xml}', classes = '{}', contextInitializerClasses = '[]', activeProfiles = '{}', propertySourceLocations = '{}', propertySourceProperties = '{}', contextCustomizers = set[[empty]], contextLoader = 'org.springframework.test.context.support.DelegatingSmartContextLoader', parent = [null]]]
DEBUG - Spring test ApplicationContext cache statistics: [DefaultContextCache@1b2c4efb size = 1, maxSize = 32, parentContextCount = 0, hitCount = 3, missCount = 1]
DEBUG - Creating new transaction with name [com.etc.service.impl.QueueInfoServiceImpl.getQueue]: PROPAGATION_REQUIRED,ISOLATION_DEFAULT
DEBUG - Retrieved ApplicationContext [1558021762] from cache with key [[MergedContextConfiguration@15b3e5b testClass = QueueInfoServiceTest, locations = '{classpath:spring-mybatis.xml}', classes = '{}', contextInitializerClasses = '[]', activeProfiles = '{}', propertySourceLocations = '{}', propertySourceProperties = '{}', contextCustomizers = set[[empty]], contextLoader = 'org.springframework.test.context.support.DelegatingSmartContextLoader', parent = [null]]]
DEBUG - Spring test ApplicationContext cache statistics: [DefaultContextCache@1b2c4efb size = 1, maxSize = 32, parentContextCount = 0, hitCount = 4, missCount = 1]
DEBUG - Retrieved ApplicationContext [1558021762] from cache with key [[MergedContextConfiguration@15b3e5b testClass = QueueInfoServiceTest, locations = '{classpath:spring-mybatis.xml}', classes = '{}', contextInitializerClasses = '[]', activeProfiles = '{}', propertySourceLocations = '{}', propertySourceProperties = '{}', contextCustomizers = set[[empty]], contextLoader = 'org.springframework.test.context.support.DelegatingSmartContextLoader', parent = [null]]]
DEBUG - Spring test ApplicationContext cache statistics: [DefaultContextCache@1b2c4efb size = 1, maxSize = 32, parentContextCount = 0, hitCount = 5, missCount = 1]
DEBUG - After test method: context [DefaultTestContext@5a4041cc testClass = QueueInfoServiceTest, testInstance = com.etc.QueueInfoServiceTest@43d7741f, testMethod = getQueueTest@QueueInfoServiceTest, testException = org.springframework.transaction.CannotCreateTransactionException: Could not open JDBC Connection for transaction; nested exception is org.apache.commons.dbcp.SQLNestedException: Cannot create PoolableConnectionFactory (Access denied for user 'root'@'localhost' (using password: YES)), mergedContextConfiguration = [MergedContextConfiguration@15b3e5b testClass = QueueInfoServiceTest, locations = '{classpath:spring-mybatis.xml}', classes = '{}', contextInitializerClasses = '[]', activeProfiles = '{}', propertySourceLocations = '{}', propertySourceProperties = '{}', contextCustomizers = set[[empty]], contextLoader = 'org.springframework.test.context.support.DelegatingSmartContextLoader', parent = [null]], attributes = map[[empty]]], class annotated with @DirtiesContext [false] with mode [null], method annotated with @DirtiesContext [false] with mode [null].
]]></system-out>
  </testcase>
  <testcase name="callQueueNoFromRedisTest" classname="com.etc.QueueInfoServiceTest" time="0.108">
    <error message="Could not open JDBC Connection for transaction; nested exception is org.apache.commons.dbcp.SQLNestedException: Cannot create PoolableConnectionFactory (Access denied for user &apos;root&apos;@&apos;localhost&apos; (using password: YES))" type="org.springframework.transaction.CannotCreateTransactionException">org.springframework.transaction.CannotCreateTransactionException: Could not open JDBC Connection for transaction; nested exception is org.apache.commons.dbcp.SQLNestedException: Cannot create PoolableConnectionFactory (Access denied for user 'root'@'localhost' (using password: YES))
	at com.etc.QueueInfoServiceTest.callQueueNoFromRedisTest(QueueInfoServiceTest.java:29)
Caused by: org.apache.commons.dbcp.SQLNestedException: Cannot create PoolableConnectionFactory (Access denied for user 'root'@'localhost' (using password: YES))
	at com.etc.QueueInfoServiceTest.callQueueNoFromRedisTest(QueueInfoServiceTest.java:29)
Caused by: java.sql.SQLException: Access denied for user 'root'@'localhost' (using password: YES)
	at com.etc.QueueInfoServiceTest.callQueueNoFromRedisTest(QueueInfoServiceTest.java:29)
</error>
    <system-out><![CDATA[DEBUG - Retrieved @ProfileValueSourceConfiguration [null] for test class [com.etc.QueueInfoServiceTest]
DEBUG - Retrieved ProfileValueSource type [class org.springframework.test.annotation.SystemProfileValueSource] for class [com.etc.QueueInfoServiceTest]
DEBUG - Performing dependency injection for test context [[DefaultTestContext@5a4041cc testClass = QueueInfoServiceTest, testInstance = com.etc.QueueInfoServiceTest@132ddbab, testMethod = [null], testException = [null], mergedContextConfiguration = [MergedContextConfiguration@15b3e5b testClass = QueueInfoServiceTest, locations = '{classpath:spring-mybatis.xml}', classes = '{}', contextInitializerClasses = '[]', activeProfiles = '{}', propertySourceLocations = '{}', propertySourceProperties = '{}', contextCustomizers = set[[empty]], contextLoader = 'org.springframework.test.context.support.DelegatingSmartContextLoader', parent = [null]], attributes = map[[empty]]]].
DEBUG - Retrieved ApplicationContext [1558021762] from cache with key [[MergedContextConfiguration@15b3e5b testClass = QueueInfoServiceTest, locations = '{classpath:spring-mybatis.xml}', classes = '{}', contextInitializerClasses = '[]', activeProfiles = '{}', propertySourceLocations = '{}', propertySourceProperties = '{}', contextCustomizers = set[[empty]], contextLoader = 'org.springframework.test.context.support.DelegatingSmartContextLoader', parent = [null]]]
DEBUG - Spring test ApplicationContext cache statistics: [DefaultContextCache@1b2c4efb size = 1, maxSize = 32, parentContextCount = 0, hitCount = 6, missCount = 1]
DEBUG - Retrieved ApplicationContext [1558021762] from cache with key [[MergedContextConfiguration@15b3e5b testClass = QueueInfoServiceTest, locations = '{classpath:spring-mybatis.xml}', classes = '{}', contextInitializerClasses = '[]', activeProfiles = '{}', propertySourceLocations = '{}', propertySourceProperties = '{}', contextCustomizers = set[[empty]], contextLoader = 'org.springframework.test.context.support.DelegatingSmartContextLoader', parent = [null]]]
DEBUG - Spring test ApplicationContext cache statistics: [DefaultContextCache@1b2c4efb size = 1, maxSize = 32, parentContextCount = 0, hitCount = 7, missCount = 1]
DEBUG - Before test method: context [DefaultTestContext@5a4041cc testClass = QueueInfoServiceTest, testInstance = com.etc.QueueInfoServiceTest@132ddbab, testMethod = callQueueNoFromRedisTest@QueueInfoServiceTest, testException = [null], mergedContextConfiguration = [MergedContextConfiguration@15b3e5b testClass = QueueInfoServiceTest, locations = '{classpath:spring-mybatis.xml}', classes = '{}', contextInitializerClasses = '[]', activeProfiles = '{}', propertySourceLocations = '{}', propertySourceProperties = '{}', contextCustomizers = set[[empty]], contextLoader = 'org.springframework.test.context.support.DelegatingSmartContextLoader', parent = [null]], attributes = map[[empty]]], class annotated with @DirtiesContext [false] with mode [null], method annotated with @DirtiesContext [false] with mode [null].
DEBUG - Retrieved ApplicationContext [1558021762] from cache with key [[MergedContextConfiguration@15b3e5b testClass = QueueInfoServiceTest, locations = '{classpath:spring-mybatis.xml}', classes = '{}', contextInitializerClasses = '[]', activeProfiles = '{}', propertySourceLocations = '{}', propertySourceProperties = '{}', contextCustomizers = set[[empty]], contextLoader = 'org.springframework.test.context.support.DelegatingSmartContextLoader', parent = [null]]]
DEBUG - Spring test ApplicationContext cache statistics: [DefaultContextCache@1b2c4efb size = 1, maxSize = 32, parentContextCount = 0, hitCount = 8, missCount = 1]
DEBUG - Retrieved ApplicationContext [1558021762] from cache with key [[MergedContextConfiguration@15b3e5b testClass = QueueInfoServiceTest, locations = '{classpath:spring-mybatis.xml}', classes = '{}', contextInitializerClasses = '[]', activeProfiles = '{}', propertySourceLocations = '{}', propertySourceProperties = '{}', contextCustomizers = set[[empty]], contextLoader = 'org.springframework.test.context.support.DelegatingSmartContextLoader', parent = [null]]]
DEBUG - Spring test ApplicationContext cache statistics: [DefaultContextCache@1b2c4efb size = 1, maxSize = 32, parentContextCount = 0, hitCount = 9, missCount = 1]
DEBUG - Creating new transaction with name [com.etc.service.impl.QueueInfoServiceImpl.callQueueNoFromRedis]: PROPAGATION_REQUIRED,ISOLATION_DEFAULT
DEBUG - Retrieved ApplicationContext [1558021762] from cache with key [[MergedContextConfiguration@15b3e5b testClass = QueueInfoServiceTest, locations = '{classpath:spring-mybatis.xml}', classes = '{}', contextInitializerClasses = '[]', activeProfiles = '{}', propertySourceLocations = '{}', propertySourceProperties = '{}', contextCustomizers = set[[empty]], contextLoader = 'org.springframework.test.context.support.DelegatingSmartContextLoader', parent = [null]]]
DEBUG - Spring test ApplicationContext cache statistics: [DefaultContextCache@1b2c4efb size = 1, maxSize = 32, parentContextCount = 0, hitCount = 10, missCount = 1]
DEBUG - Retrieved ApplicationContext [1558021762] from cache with key [[MergedContextConfiguration@15b3e5b testClass = QueueInfoServiceTest, locations = '{classpath:spring-mybatis.xml}', classes = '{}', contextInitializerClasses = '[]', activeProfiles = '{}', propertySourceLocations = '{}', propertySourceProperties = '{}', contextCustomizers = set[[empty]], contextLoader = 'org.springframework.test.context.support.DelegatingSmartContextLoader', parent = [null]]]
DEBUG - Spring test ApplicationContext cache statistics: [DefaultContextCache@1b2c4efb size = 1, maxSize = 32, parentContextCount = 0, hitCount = 11, missCount = 1]
DEBUG - After test method: context [DefaultTestContext@5a4041cc testClass = QueueInfoServiceTest, testInstance = com.etc.QueueInfoServiceTest@132ddbab, testMethod = callQueueNoFromRedisTest@QueueInfoServiceTest, testException = org.springframework.transaction.CannotCreateTransactionException: Could not open JDBC Connection for transaction; nested exception is org.apache.commons.dbcp.SQLNestedException: Cannot create PoolableConnectionFactory (Access denied for user 'root'@'localhost' (using password: YES)), mergedContextConfiguration = [MergedContextConfiguration@15b3e5b testClass = QueueInfoServiceTest, locations = '{classpath:spring-mybatis.xml}', classes = '{}', contextInitializerClasses = '[]', activeProfiles = '{}', propertySourceLocations = '{}', propertySourceProperties = '{}', contextCustomizers = set[[empty]], contextLoader = 'org.springframework.test.context.support.DelegatingSmartContextLoader', parent = [null]], attributes = map[[empty]]], class annotated with @DirtiesContext [false] with mode [null], method annotated with @DirtiesContext [false] with mode [null].
]]></system-out>
  </testcase>
  <testcase name="callQueueNoFromDbTest" classname="com.etc.QueueInfoServiceTest" time="0.164">
    <error message="Could not open JDBC Connection for transaction; nested exception is org.apache.commons.dbcp.SQLNestedException: Cannot create PoolableConnectionFactory (Access denied for user &apos;root&apos;@&apos;localhost&apos; (using password: YES))" type="org.springframework.transaction.CannotCreateTransactionException">org.springframework.transaction.CannotCreateTransactionException: Could not open JDBC Connection for transaction; nested exception is org.apache.commons.dbcp.SQLNestedException: Cannot create PoolableConnectionFactory (Access denied for user 'root'@'localhost' (using password: YES))
	at com.etc.QueueInfoServiceTest.callQueueNoFromDbTest(QueueInfoServiceTest.java:23)
Caused by: org.apache.commons.dbcp.SQLNestedException: Cannot create PoolableConnectionFactory (Access denied for user 'root'@'localhost' (using password: YES))
	at com.etc.QueueInfoServiceTest.callQueueNoFromDbTest(QueueInfoServiceTest.java:23)
Caused by: java.sql.SQLException: Access denied for user 'root'@'localhost' (using password: YES)
	at com.etc.QueueInfoServiceTest.callQueueNoFromDbTest(QueueInfoServiceTest.java:23)
</error>
    <system-out><![CDATA[DEBUG - Retrieved @ProfileValueSourceConfiguration [null] for test class [com.etc.QueueInfoServiceTest]
DEBUG - Retrieved ProfileValueSource type [class org.springframework.test.annotation.SystemProfileValueSource] for class [com.etc.QueueInfoServiceTest]
DEBUG - Performing dependency injection for test context [[DefaultTestContext@5a4041cc testClass = QueueInfoServiceTest, testInstance = com.etc.QueueInfoServiceTest@acb0951, testMethod = [null], testException = [null], mergedContextConfiguration = [MergedContextConfiguration@15b3e5b testClass = QueueInfoServiceTest, locations = '{classpath:spring-mybatis.xml}', classes = '{}', contextInitializerClasses = '[]', activeProfiles = '{}', propertySourceLocations = '{}', propertySourceProperties = '{}', contextCustomizers = set[[empty]], contextLoader = 'org.springframework.test.context.support.DelegatingSmartContextLoader', parent = [null]], attributes = map[[empty]]]].
DEBUG - Retrieved ApplicationContext [1558021762] from cache with key [[MergedContextConfiguration@15b3e5b testClass = QueueInfoServiceTest, locations = '{classpath:spring-mybatis.xml}', classes = '{}', contextInitializerClasses = '[]', activeProfiles = '{}', propertySourceLocations = '{}', propertySourceProperties = '{}', contextCustomizers = set[[empty]], contextLoader = 'org.springframework.test.context.support.DelegatingSmartContextLoader', parent = [null]]]
DEBUG - Spring test ApplicationContext cache statistics: [DefaultContextCache@1b2c4efb size = 1, maxSize = 32, parentContextCount = 0, hitCount = 12, missCount = 1]
DEBUG - Retrieved ApplicationContext [1558021762] from cache with key [[MergedContextConfiguration@15b3e5b testClass = QueueInfoServiceTest, locations = '{classpath:spring-mybatis.xml}', classes = '{}', contextInitializerClasses = '[]', activeProfiles = '{}', propertySourceLocations = '{}', propertySourceProperties = '{}', contextCustomizers = set[[empty]], contextLoader = 'org.springframework.test.context.support.DelegatingSmartContextLoader', parent = [null]]]
DEBUG - Spring test ApplicationContext cache statistics: [DefaultContextCache@1b2c4efb size = 1, maxSize = 32, parentContextCount = 0, hitCount = 13, missCount = 1]
DEBUG - Before test method: context [DefaultTestContext@5a4041cc testClass = QueueInfoServiceTest, testInstance = com.etc.QueueInfoServiceTest@acb0951, testMethod = callQueueNoFromDbTest@QueueInfoServiceTest, testException = [null], mergedContextConfiguration = [MergedContextConfiguration@15b3e5b testClass = QueueInfoServiceTest, locations = '{classpath:spring-mybatis.xml}', classes = '{}', contextInitializerClasses = '[]', activeProfiles = '{}', propertySourceLocations = '{}', propertySourceProperties = '{}', contextCustomizers = set[[empty]], contextLoader = 'org.springframework.test.context.support.DelegatingSmartContextLoader', parent = [null]], attributes = map[[empty]]], class annotated with @DirtiesContext [false] with mode [null], method annotated with @DirtiesContext [false] with mode [null].
DEBUG - Retrieved ApplicationContext [1558021762] from cache with key [[MergedContextConfiguration@15b3e5b testClass = QueueInfoServiceTest, locations = '{classpath:spring-mybatis.xml}', classes = '{}', contextInitializerClasses = '[]', activeProfiles = '{}', propertySourceLocations = '{}', propertySourceProperties = '{}', contextCustomizers = set[[empty]], contextLoader = 'org.springframework.test.context.support.DelegatingSmartContextLoader', parent = [null]]]
DEBUG - Spring test ApplicationContext cache statistics: [DefaultContextCache@1b2c4efb size = 1, maxSize = 32, parentContextCount = 0, hitCount = 14, missCount = 1]
DEBUG - Retrieved ApplicationContext [1558021762] from cache with key [[MergedContextConfiguration@15b3e5b testClass = QueueInfoServiceTest, locations = '{classpath:spring-mybatis.xml}', classes = '{}', contextInitializerClasses = '[]', activeProfiles = '{}', propertySourceLocations = '{}', propertySourceProperties = '{}', contextCustomizers = set[[empty]], contextLoader = 'org.springframework.test.context.support.DelegatingSmartContextLoader', parent = [null]]]
DEBUG - Spring test ApplicationContext cache statistics: [DefaultContextCache@1b2c4efb size = 1, maxSize = 32, parentContextCount = 0, hitCount = 15, missCount = 1]
DEBUG - Creating new transaction with name [com.etc.service.impl.QueueInfoServiceImpl.callQueueNoFromDb]: PROPAGATION_REQUIRED,ISOLATION_DEFAULT
DEBUG - Retrieved ApplicationContext [1558021762] from cache with key [[MergedContextConfiguration@15b3e5b testClass = QueueInfoServiceTest, locations = '{classpath:spring-mybatis.xml}', classes = '{}', contextInitializerClasses = '[]', activeProfiles = '{}', propertySourceLocations = '{}', propertySourceProperties = '{}', contextCustomizers = set[[empty]], contextLoader = 'org.springframework.test.context.support.DelegatingSmartContextLoader', parent = [null]]]
DEBUG - Spring test ApplicationContext cache statistics: [DefaultContextCache@1b2c4efb size = 1, maxSize = 32, parentContextCount = 0, hitCount = 16, missCount = 1]
DEBUG - Retrieved ApplicationContext [1558021762] from cache with key [[MergedContextConfiguration@15b3e5b testClass = QueueInfoServiceTest, locations = '{classpath:spring-mybatis.xml}', classes = '{}', contextInitializerClasses = '[]', activeProfiles = '{}', propertySourceLocations = '{}', propertySourceProperties = '{}', contextCustomizers = set[[empty]], contextLoader = 'org.springframework.test.context.support.DelegatingSmartContextLoader', parent = [null]]]
DEBUG - Spring test ApplicationContext cache statistics: [DefaultContextCache@1b2c4efb size = 1, maxSize = 32, parentContextCount = 0, hitCount = 17, missCount = 1]
DEBUG - After test method: context [DefaultTestContext@5a4041cc testClass = QueueInfoServiceTest, testInstance = com.etc.QueueInfoServiceTest@acb0951, testMethod = callQueueNoFromDbTest@QueueInfoServiceTest, testException = org.springframework.transaction.CannotCreateTransactionException: Could not open JDBC Connection for transaction; nested exception is org.apache.commons.dbcp.SQLNestedException: Cannot create PoolableConnectionFactory (Access denied for user 'root'@'localhost' (using password: YES)), mergedContextConfiguration = [MergedContextConfiguration@15b3e5b testClass = QueueInfoServiceTest, locations = '{classpath:spring-mybatis.xml}', classes = '{}', contextInitializerClasses = '[]', activeProfiles = '{}', propertySourceLocations = '{}', propertySourceProperties = '{}', contextCustomizers = set[[empty]], contextLoader = 'org.springframework.test.context.support.DelegatingSmartContextLoader', parent = [null]], attributes = map[[empty]]], class annotated with @DirtiesContext [false] with mode [null], method annotated with @DirtiesContext [false] with mode [null].
]]></system-out>
  </testcase>
</testsuite>