<?xml version="1.0" encoding="UTF-8"?>
<testsuite xmlns:xsi="http://www.w3.org/2001/XMLSchema-instance" xsi:noNamespaceSchemaLocation="https://maven.apache.org/surefire/maven-surefire-plugin/xsd/surefire-test-report.xsd" name="com.etc.RedisApiTest" time="0.518" tests="3" errors="0" skipped="0" failures="0">
  <properties>
[...]
</properties>
  <testcase name="testHash" classname="com.etc.RedisApiTest" time="0.188"/>
  <testcase name="testList" classname="com.etc.RedisApiTest" time="0.055"/>
  <testcase name="testString" classname="com.etc.RedisApiTest" time="0.049"/>
</testsuite>